<?xml version="1.0" encoding="UTF-8"?>
<!-- Generated by org.testng.reporters.JUnitReportReporter -->
<testsuite hostname="DESKTOP-A0BPQKA" failures="0" tests="13" name="parkIndustriesOutSystems.testCases.TC_ParkAssociateUser_001" time="26.598" errors="0" timestamp="2021-08-19T12:22:56 FJT" skipped="0">
  <testcase classname="parkIndustriesOutSystems.testCases.TC_ParkAssociateUser_001" name="parkAssociateUserLogin" time="3.908"/>
  <system-out/>
  <testcase classname="parkIndustriesOutSystems.testCases.TC_ParkAssociateUser_001" name="parkAssociateUserHeader" time="4.725"/>
  <system-out/>
  <testcase classname="parkIndustriesOutSystems.testCases.TC_ParkAssociateUser_001" name="myRequestsHeader" time="0.061"/>
  <system-out/>
  <testcase classname="parkIndustriesOutSystems.testCases.TC_ParkAssociateUser_001" name="formsHeader" time="0.043"/>
  <system-out/>
  <testcase classname="parkIndustriesOutSystems.testCases.TC_ParkAssociateUser_001" name="goToSampleLoginHeader" time="0.044"/>
  <system-out/>
  <testcase classname="parkIndustriesOutSystems.testCases.TC_ParkAssociateUser_001" name="parkAssociateUserDetails1" time="0.654"/>
  <system-out/>
  <testcase classname="parkIndustriesOutSystems.testCases.TC_ParkAssociateUser_001" name="pendingItemsHeader" time="0.045"/>
  <system-out/>
  <testcase classname="parkIndustriesOutSystems.testCases.TC_ParkAssociateUser_001" name="completedItemsHeader" time="0.056"/>
  <system-out/>
  <testcase classname="parkIndustriesOutSystems.testCases.TC_ParkAssociateUser_001" name="rejectedItemsHeader" time="0.048"/>
  <system-out/>
  <testcase classname="parkIndustriesOutSystems.testCases.TC_ParkAssociateUser_001" name="parkAssociateUserDetails2" time="0.865"/>
  <system-out/>
  <testcase classname="parkIndustriesOutSystems.testCases.TC_ParkAssociateUser_001" name="parkAssociateUserRequests" time="3.398"/>
  <system-out/>
  <testcase classname="parkIndustriesOutSystems.testCases.TC_ParkAssociateUser_001" name="parkAssociateForms" time="3.152"/>
  <system-out/>
  <testcase classname="parkIndustriesOutSystems.testCases.TC_ParkAssociateUser_001" name="associatesFormsSignIn" time="9.599"/>
  <system-out/>
</testsuite> <!-- parkIndustriesOutSystems.testCases.TC_ParkAssociateUser_001 -->
