<?xml version="1.0" encoding="UTF-8"?>
<!-- Generated by org.testng.reporters.JUnitReportReporter -->
<testsuite hostname="DESKTOP-A0BPQKA" failures="0" tests="17" name="parkIndustriesOutSystems.testCases.TC_ParkSupervisorUser_001" time="58.212" errors="0" timestamp="2021-08-20T11:55:08 FJT" skipped="0">
  <testcase classname="parkIndustriesOutSystems.testCases.TC_ParkSupervisorUser_001" name="parkSupervisorUserLogin" time="3.582"/>
  <system-out/>
  <testcase classname="parkIndustriesOutSystems.testCases.TC_ParkSupervisorUser_001" name="parkSupervisorUserHeader" time="5.421"/>
  <system-out/>
  <testcase classname="parkIndustriesOutSystems.testCases.TC_ParkSupervisorUser_001" name="taskboxHeader" time="3.060"/>
  <system-out/>
  <testcase classname="parkIndustriesOutSystems.testCases.TC_ParkSupervisorUser_001" name="associatesHeader" time="3.058"/>
  <system-out/>
  <testcase classname="parkIndustriesOutSystems.testCases.TC_ParkSupervisorUser_001" name="myRequestsHeader" time="0.041"/>
  <system-out/>
  <testcase classname="parkIndustriesOutSystems.testCases.TC_ParkSupervisorUser_001" name="formsHeader" time="0.040"/>
  <system-out/>
  <testcase classname="parkIndustriesOutSystems.testCases.TC_ParkSupervisorUser_001" name="goToSampleLoginHeader" time="0.044"/>
  <system-out/>
  <testcase classname="parkIndustriesOutSystems.testCases.TC_ParkSupervisorUser_001" name="parkSupervisorUserDetails1" time="17.361"/>
  <system-out/>
  <testcase classname="parkIndustriesOutSystems.testCases.TC_ParkSupervisorUser_001" name="allItemsHeader" time="0.059"/>
  <system-out/>
  <testcase classname="parkIndustriesOutSystems.testCases.TC_ParkSupervisorUser_001" name="activeItemsHeader" time="0.042"/>
  <system-out/>
  <testcase classname="parkIndustriesOutSystems.testCases.TC_ParkSupervisorUser_001" name="closedItemsHeader" time="0.041"/>
  <system-out/>
  <testcase classname="parkIndustriesOutSystems.testCases.TC_ParkSupervisorUser_001" name="parkSupervisorUserDetails2" time="1.251"/>
  <system-out/>
  <testcase classname="parkIndustriesOutSystems.testCases.TC_ParkSupervisorUser_001" name="parkSupervisorTaskbox" time="3.108"/>
  <system-out/>
  <testcase classname="parkIndustriesOutSystems.testCases.TC_ParkSupervisorUser_001" name="exportFunctions" time="3.527"/>
  <system-out/>
  <testcase classname="parkIndustriesOutSystems.testCases.TC_ParkSupervisorUser_001" name="parkSupervisorUserRequests" time="5.366"/>
  <system-out/>
  <testcase classname="parkIndustriesOutSystems.testCases.TC_ParkSupervisorUser_001" name="parkSupervisorForms" time="3.144"/>
  <system-out/>
  <testcase classname="parkIndustriesOutSystems.testCases.TC_ParkSupervisorUser_001" name="hrFormsSignIn" time="9.067"/>
  <system-out/>
</testsuite> <!-- parkIndustriesOutSystems.testCases.TC_ParkSupervisorUser_001 -->
