<?xml version="1.0" encoding="UTF-8"?>
<!-- Generated by org.testng.reporters.JUnitReportReporter -->
<testsuite hostname="DESKTOP-A0BPQKA" failures="0" tests="30" name="parkIndustriesOutSystems.testCases.TC_VolunteerForm_001" time="111.206" errors="0" timestamp="2021-07-30T02:50:40 FJT" skipped="0">
  <testcase classname="parkIndustriesOutSystems.testCases.TC_VolunteerForm_001" name="parkAssociateUserLogin" time="10.495"/>
  <system-out/>
  <testcase classname="parkIndustriesOutSystems.testCases.TC_VolunteerForm_001" name="clickVolunteerForms" time="6.489"/>
  <system-out/>
  <testcase classname="parkIndustriesOutSystems.testCases.TC_VolunteerForm_001" name="hRFormsHomeHeader" time="5.119"/>
  <system-out/>
  <testcase classname="parkIndustriesOutSystems.testCases.TC_VolunteerForm_001" name="volunteerTrackingHeader" time="3.079"/>
  <system-out/>
  <testcase classname="parkIndustriesOutSystems.testCases.TC_VolunteerForm_001" name="volunteerGrantsHeader" time="3.059"/>
  <system-out/>
  <testcase classname="parkIndustriesOutSystems.testCases.TC_VolunteerForm_001" name="goToSampleLoginHeader" time="3.065"/>
  <system-out/>
  <testcase classname="parkIndustriesOutSystems.testCases.TC_VolunteerForm_001" name="volunteerFormsDetails1" time="3.090"/>
  <system-out/>
  <testcase classname="parkIndustriesOutSystems.testCases.TC_VolunteerForm_001" name="requestListHeader" time="3.063"/>
  <system-out/>
  <testcase classname="parkIndustriesOutSystems.testCases.TC_VolunteerForm_001" name="volunteerFormHeader" time="3.070"/>
  <system-out/>
  <testcase classname="parkIndustriesOutSystems.testCases.TC_VolunteerForm_001" name="volunteerFormsDetails2" time="5.559"/>
  <system-out/>
  <testcase classname="parkIndustriesOutSystems.testCases.TC_VolunteerForm_001" name="newRequest1" time="3.500"/>
  <system-out/>
  <testcase classname="parkIndustriesOutSystems.testCases.TC_VolunteerForm_001" name="newRequest2" time="3.055"/>
  <system-out/>
  <testcase classname="parkIndustriesOutSystems.testCases.TC_VolunteerForm_001" name="newRequest3" time="3.072"/>
  <system-out/>
  <testcase classname="parkIndustriesOutSystems.testCases.TC_VolunteerForm_001" name="newRequest4" time="3.254"/>
  <system-out/>
  <testcase classname="parkIndustriesOutSystems.testCases.TC_VolunteerForm_001" name="newRequest5" time="3.355"/>
  <system-out/>
  <testcase classname="parkIndustriesOutSystems.testCases.TC_VolunteerForm_001" name="newRequest6" time="3.295"/>
  <system-out/>
  <testcase classname="parkIndustriesOutSystems.testCases.TC_VolunteerForm_001" name="volunteerForm1" time="4.260"/>
  <system-out/>
  <testcase classname="parkIndustriesOutSystems.testCases.TC_VolunteerForm_001" name="volunteerForm2" time="3.075"/>
  <system-out/>
  <testcase classname="parkIndustriesOutSystems.testCases.TC_VolunteerForm_001" name="volunteerForm3" time="3.171"/>
  <system-out/>
  <testcase classname="parkIndustriesOutSystems.testCases.TC_VolunteerForm_001" name="volunteerForm4" time="3.180"/>
  <system-out/>
  <testcase classname="parkIndustriesOutSystems.testCases.TC_VolunteerForm_001" name="volunteerForm5" time="3.250"/>
  <system-out/>
  <testcase classname="parkIndustriesOutSystems.testCases.TC_VolunteerForm_001" name="volunteerForm6" time="3.241"/>
  <system-out/>
  <testcase classname="parkIndustriesOutSystems.testCases.TC_VolunteerForm_001" name="volunteerForm7" time="3.143"/>
  <system-out/>
  <testcase classname="parkIndustriesOutSystems.testCases.TC_VolunteerForm_001" name="volunteerForm8" time="3.171"/>
  <system-out/>
  <testcase classname="parkIndustriesOutSystems.testCases.TC_VolunteerForm_001" name="volunteerForm9" time="3.169"/>
  <system-out/>
  <testcase classname="parkIndustriesOutSystems.testCases.TC_VolunteerForm_001" name="volunteerForm10" time="3.157"/>
  <system-out/>
  <testcase classname="parkIndustriesOutSystems.testCases.TC_VolunteerForm_001" name="volunteerForm11" time="3.125"/>
  <system-out/>
  <testcase classname="parkIndustriesOutSystems.testCases.TC_VolunteerForm_001" name="volunteerForm12" time="3.291"/>
  <system-out/>
  <testcase classname="parkIndustriesOutSystems.testCases.TC_VolunteerForm_001" name="volunteerForm13" time="3.057"/>
  <system-out/>
  <testcase classname="parkIndustriesOutSystems.testCases.TC_VolunteerForm_001" name="volunteerForm14" time="3.297"/>
  <system-out/>
</testsuite> <!-- parkIndustriesOutSystems.testCases.TC_VolunteerForm_001 -->
