<?xml version="1.0" encoding="UTF-8"?>
<!-- Generated by org.testng.reporters.JUnitReportReporter -->
<testsuite hostname="DESKTOP-A0BPQKA" failures="0" tests="3" name="parkIndustriesOutSystems.testCases.TC_LoginOutSystems_001" time="28.872" errors="0" timestamp="2021-08-12T13:43:10 FJT" skipped="0">
  <testcase classname="parkIndustriesOutSystems.testCases.TC_LoginOutSystems_001" name="loginPage" time="17.956"/>
  <system-out/>
  <testcase classname="parkIndustriesOutSystems.testCases.TC_LoginOutSystems_001" name="hrPage" time="3.495"/>
  <system-out/>
  <testcase classname="parkIndustriesOutSystems.testCases.TC_LoginOutSystems_001" name="logoutPage" time="7.421"/>
  <system-out/>
</testsuite> <!-- parkIndustriesOutSystems.testCases.TC_LoginOutSystems_001 -->
